2025-11-26 00:44:20,600 - DEBUG - Starting Expired Lock Cleaner thread.
2025-11-26 00:44:25,608 - DEBUG - Running cleanup for expired locks at time: 2025-11-26 08:44:25.605191+00:00
2025-11-26 00:44:30,614 - DEBUG - Running cleanup for expired locks at time: 2025-11-26 08:44:30.614326+00:00
2025-11-26 00:44:35,616 - DEBUG - Running cleanup for expired locks at time: 2025-11-26 08:44:35.616803+00:00
2025-11-26 00:44:40,622 - DEBUG - Running cleanup for expired locks at time: 2025-11-26 08:44:40.622418+00:00
2025-11-26 00:44:45,623 - DEBUG - Running cleanup for expired locks at time: 2025-11-26 08:44:45.623722+00:00
2025-11-26 00:44:50,625 - DEBUG - Running cleanup for expired locks at time: 2025-11-26 08:44:50.625940+00:00
2025-11-26 00:44:55,630 - DEBUG - Running cleanup for expired locks at time: 2025-11-26 08:44:55.630543+00:00
2025-11-26 00:46:33,569 - DEBUG - Starting Expired Lock Cleaner thread.
2025-11-26 00:46:38,576 - DEBUG - Running cleanup for expired locks at time: 2025-11-26 08:46:38.575243+00:00
2025-11-26 00:46:38,577 - DEBUG - Running cleanup for expired locks at time: 2025-11-26 08:46:38.577588+00:00
2025-11-26 00:46:43,582 - DEBUG - Running cleanup for expired locks at time: 2025-11-26 08:46:43.582769+00:00
2025-11-26 00:46:43,583 - DEBUG - Running cleanup for expired locks at time: 2025-11-26 08:46:43.583042+00:00
2025-11-26 00:46:48,586 - DEBUG - Running cleanup for expired locks at time: 2025-11-26 08:46:48.586367+00:00
2025-11-26 00:46:48,587 - DEBUG - Running cleanup for expired locks at time: 2025-11-26 08:46:48.587710+00:00
2025-11-26 00:46:53,589 - DEBUG - Running cleanup for expired locks at time: 2025-11-26 08:46:53.589416+00:00
2025-11-26 00:46:53,592 - DEBUG - Running cleanup for expired locks at time: 2025-11-26 08:46:53.592636+00:00
2025-11-26 00:46:58,590 - DEBUG - Running cleanup for expired locks at time: 2025-11-26 08:46:58.590728+00:00
2025-11-26 00:46:58,598 - DEBUG - Running cleanup for expired locks at time: 2025-11-26 08:46:58.597976+00:00
2025-11-26 00:46:59,663 - DEBUG - Stopping Expired Lock Cleaner thread.
2025-11-26 00:47:03,596 - DEBUG - Running cleanup for expired locks at time: 2025-11-26 08:47:03.595987+00:00
2025-11-26 00:49:21,439 - DEBUG - Starting Expired Lock Cleaner thread.
2025-11-26 00:49:26,447 - DEBUG - Running cleanup for expired locks at time: 2025-11-26 08:49:26.444459+00:00
2025-11-26 00:49:26,448 - DEBUG - Running cleanup for expired locks at time: 2025-11-26 08:49:26.448542+00:00
2025-11-26 00:49:31,450 - DEBUG - Running cleanup for expired locks at time: 2025-11-26 08:49:31.450242+00:00
2025-11-26 00:49:31,453 - DEBUG - Running cleanup for expired locks at time: 2025-11-26 08:49:31.453782+00:00
2025-11-26 00:49:36,451 - DEBUG - Running cleanup for expired locks at time: 2025-11-26 08:49:36.451453+00:00
2025-11-26 00:49:36,459 - DEBUG - Running cleanup for expired locks at time: 2025-11-26 08:49:36.458990+00:00
2025-11-26 00:49:41,457 - DEBUG - Running cleanup for expired locks at time: 2025-11-26 08:49:41.457027+00:00
2025-11-26 00:49:41,464 - DEBUG - Running cleanup for expired locks at time: 2025-11-26 08:49:41.464244+00:00
2025-11-26 00:49:46,462 - DEBUG - Running cleanup for expired locks at time: 2025-11-26 08:49:46.462568+00:00
2025-11-26 00:49:46,469 - DEBUG - Running cleanup for expired locks at time: 2025-11-26 08:49:46.469127+00:00
2025-11-26 00:49:51,467 - DEBUG - Running cleanup for expired locks at time: 2025-11-26 08:49:51.467727+00:00
2025-11-26 00:49:51,469 - DEBUG - Running cleanup for expired locks at time: 2025-11-26 08:49:51.469723+00:00
2025-11-26 00:49:56,471 - DEBUG - Running cleanup for expired locks at time: 2025-11-26 08:49:56.471115+00:00
2025-11-26 00:49:56,473 - DEBUG - Running cleanup for expired locks at time: 2025-11-26 08:49:56.473220+00:00
2025-11-26 00:50:01,476 - DEBUG - Running cleanup for expired locks at time: 2025-11-26 08:50:01.476733+00:00
2025-11-26 00:50:01,476 - DEBUG - Running cleanup for expired locks at time: 2025-11-26 08:50:01.476944+00:00
2025-11-26 00:50:06,482 - DEBUG - Running cleanup for expired locks at time: 2025-11-26 08:50:06.482106+00:00
2025-11-26 00:50:06,482 - DEBUG - Running cleanup for expired locks at time: 2025-11-26 08:50:06.482580+00:00
2025-11-26 00:50:11,487 - DEBUG - Running cleanup for expired locks at time: 2025-11-26 08:50:11.487839+00:00
2025-11-26 00:50:11,488 - DEBUG - Running cleanup for expired locks at time: 2025-11-26 08:50:11.488275+00:00
2025-11-26 00:50:16,493 - DEBUG - Running cleanup for expired locks at time: 2025-11-26 08:50:16.493495+00:00
2025-11-26 00:50:16,493 - DEBUG - Running cleanup for expired locks at time: 2025-11-26 08:50:16.493892+00:00
2025-11-26 00:50:21,499 - DEBUG - Running cleanup for expired locks at time: 2025-11-26 08:50:21.499087+00:00
2025-11-26 00:50:21,499 - DEBUG - Running cleanup for expired locks at time: 2025-11-26 08:50:21.499481+00:00
2025-11-26 00:50:26,504 - DEBUG - Running cleanup for expired locks at time: 2025-11-26 08:50:26.503993+00:00
2025-11-26 00:50:26,504 - DEBUG - Running cleanup for expired locks at time: 2025-11-26 08:50:26.504860+00:00
2025-11-26 00:50:31,509 - DEBUG - Running cleanup for expired locks at time: 2025-11-26 08:50:31.508937+00:00
2025-11-26 00:50:31,509 - DEBUG - Running cleanup for expired locks at time: 2025-11-26 08:50:31.509826+00:00
2025-11-26 00:50:36,512 - DEBUG - Running cleanup for expired locks at time: 2025-11-26 08:50:36.511974+00:00
2025-11-26 00:50:36,514 - DEBUG - Running cleanup for expired locks at time: 2025-11-26 08:50:36.514600+00:00
2025-11-26 00:50:41,517 - DEBUG - Running cleanup for expired locks at time: 2025-11-26 08:50:41.517471+00:00
2025-11-26 00:50:41,519 - DEBUG - Running cleanup for expired locks at time: 2025-11-26 08:50:41.519830+00:00
2025-11-26 00:50:46,521 - DEBUG - Running cleanup for expired locks at time: 2025-11-26 08:50:46.521079+00:00
2025-11-26 00:50:46,525 - DEBUG - Running cleanup for expired locks at time: 2025-11-26 08:50:46.525166+00:00
2025-11-26 00:50:51,526 - DEBUG - Running cleanup for expired locks at time: 2025-11-26 08:50:51.526397+00:00
2025-11-26 00:50:51,526 - DEBUG - Running cleanup for expired locks at time: 2025-11-26 08:50:51.526713+00:00
2025-11-26 00:50:56,529 - DEBUG - Running cleanup for expired locks at time: 2025-11-26 08:50:56.529909+00:00
2025-11-26 00:50:56,530 - DEBUG - Running cleanup for expired locks at time: 2025-11-26 08:50:56.530751+00:00
2025-11-26 00:51:01,534 - DEBUG - Running cleanup for expired locks at time: 2025-11-26 08:51:01.534043+00:00
2025-11-26 00:51:01,534 - DEBUG - Running cleanup for expired locks at time: 2025-11-26 08:51:01.534629+00:00
2025-11-26 00:51:06,539 - DEBUG - Running cleanup for expired locks at time: 2025-11-26 08:51:06.539667+00:00
2025-11-26 00:51:06,540 - DEBUG - Running cleanup for expired locks at time: 2025-11-26 08:51:06.540062+00:00
2025-11-26 00:51:11,544 - DEBUG - Running cleanup for expired locks at time: 2025-11-26 08:51:11.544863+00:00
2025-11-26 00:51:11,545 - DEBUG - Running cleanup for expired locks at time: 2025-11-26 08:51:11.545256+00:00
2025-11-26 00:51:16,549 - DEBUG - Running cleanup for expired locks at time: 2025-11-26 08:51:16.549058+00:00
2025-11-26 00:51:16,550 - DEBUG - Running cleanup for expired locks at time: 2025-11-26 08:51:16.550464+00:00
2025-11-26 00:51:21,554 - DEBUG - Running cleanup for expired locks at time: 2025-11-26 08:51:21.554374+00:00
2025-11-26 00:51:21,554 - DEBUG - Running cleanup for expired locks at time: 2025-11-26 08:51:21.554531+00:00
2025-11-26 00:51:26,559 - DEBUG - Running cleanup for expired locks at time: 2025-11-26 08:51:26.559663+00:00
2025-11-26 00:51:26,560 - DEBUG - Running cleanup for expired locks at time: 2025-11-26 08:51:26.560063+00:00
2025-11-26 00:51:31,562 - DEBUG - Running cleanup for expired locks at time: 2025-11-26 08:51:31.562136+00:00
2025-11-26 00:51:31,564 - DEBUG - Running cleanup for expired locks at time: 2025-11-26 08:51:31.564643+00:00
2025-11-26 00:51:36,567 - DEBUG - Running cleanup for expired locks at time: 2025-11-26 08:51:36.567471+00:00
2025-11-26 00:51:36,569 - DEBUG - Running cleanup for expired locks at time: 2025-11-26 08:51:36.569195+00:00
2025-11-26 00:51:41,569 - DEBUG - Running cleanup for expired locks at time: 2025-11-26 08:51:41.569746+00:00
2025-11-26 00:51:41,573 - DEBUG - Running cleanup for expired locks at time: 2025-11-26 08:51:41.573932+00:00
2025-11-26 00:51:46,574 - DEBUG - Running cleanup for expired locks at time: 2025-11-26 08:51:46.574126+00:00
2025-11-26 00:51:46,579 - DEBUG - Running cleanup for expired locks at time: 2025-11-26 08:51:46.579156+00:00
2025-11-26 00:51:51,579 - DEBUG - Running cleanup for expired locks at time: 2025-11-26 08:51:51.579769+00:00
2025-11-26 00:51:51,582 - DEBUG - Running cleanup for expired locks at time: 2025-11-26 08:51:51.582306+00:00
2025-11-26 00:51:56,584 - DEBUG - Running cleanup for expired locks at time: 2025-11-26 08:51:56.584051+00:00
2025-11-26 00:51:56,584 - DEBUG - Running cleanup for expired locks at time: 2025-11-26 08:51:56.584436+00:00
2025-11-26 00:52:01,589 - DEBUG - Running cleanup for expired locks at time: 2025-11-26 08:52:01.589115+00:00
2025-11-26 00:52:01,589 - DEBUG - Running cleanup for expired locks at time: 2025-11-26 08:52:01.589728+00:00
2025-11-26 00:52:06,590 - DEBUG - Running cleanup for expired locks at time: 2025-11-26 08:52:06.590737+00:00
2025-11-26 00:52:06,591 - DEBUG - Running cleanup for expired locks at time: 2025-11-26 08:52:06.591128+00:00
2025-11-26 00:52:11,596 - DEBUG - Running cleanup for expired locks at time: 2025-11-26 08:52:11.596327+00:00
2025-11-26 00:52:11,596 - DEBUG - Running cleanup for expired locks at time: 2025-11-26 08:52:11.596738+00:00
2025-11-26 00:52:16,598 - DEBUG - Running cleanup for expired locks at time: 2025-11-26 08:52:16.598417+00:00
2025-11-26 00:52:16,600 - DEBUG - Running cleanup for expired locks at time: 2025-11-26 08:52:16.600393+00:00
2025-11-26 00:52:21,603 - DEBUG - Running cleanup for expired locks at time: 2025-11-26 08:52:21.603632+00:00
2025-11-26 00:52:21,604 - DEBUG - Running cleanup for expired locks at time: 2025-11-26 08:52:21.604035+00:00
2025-11-26 00:52:26,607 - DEBUG - Running cleanup for expired locks at time: 2025-11-26 08:52:26.607057+00:00
2025-11-26 00:52:26,607 - DEBUG - Running cleanup for expired locks at time: 2025-11-26 08:52:26.607454+00:00
2025-11-26 00:52:31,609 - DEBUG - Running cleanup for expired locks at time: 2025-11-26 08:52:31.609226+00:00
2025-11-26 00:52:31,612 - DEBUG - Running cleanup for expired locks at time: 2025-11-26 08:52:31.612771+00:00
2025-11-26 00:52:36,611 - DEBUG - Running cleanup for expired locks at time: 2025-11-26 08:52:36.611664+00:00
2025-11-26 00:52:36,617 - DEBUG - Running cleanup for expired locks at time: 2025-11-26 08:52:36.617911+00:00
2025-11-26 00:52:41,617 - DEBUG - Running cleanup for expired locks at time: 2025-11-26 08:52:41.617021+00:00
2025-11-26 00:52:41,623 - DEBUG - Running cleanup for expired locks at time: 2025-11-26 08:52:41.623137+00:00
2025-11-26 00:52:46,622 - DEBUG - Running cleanup for expired locks at time: 2025-11-26 08:52:46.622502+00:00
2025-11-26 00:52:46,626 - DEBUG - Running cleanup for expired locks at time: 2025-11-26 08:52:46.626924+00:00
2025-11-26 00:52:51,628 - DEBUG - Running cleanup for expired locks at time: 2025-11-26 08:52:51.628101+00:00
2025-11-26 00:52:51,628 - DEBUG - Running cleanup for expired locks at time: 2025-11-26 08:52:51.628499+00:00
2025-11-26 00:52:56,632 - DEBUG - Running cleanup for expired locks at time: 2025-11-26 08:52:56.632882+00:00
2025-11-26 00:52:56,633 - DEBUG - Running cleanup for expired locks at time: 2025-11-26 08:52:56.633302+00:00
2025-11-26 00:53:01,634 - DEBUG - Running cleanup for expired locks at time: 2025-11-26 08:53:01.634304+00:00
2025-11-26 00:53:01,637 - DEBUG - Running cleanup for expired locks at time: 2025-11-26 08:53:01.637489+00:00
2025-11-26 00:53:06,639 - DEBUG - Running cleanup for expired locks at time: 2025-11-26 08:53:06.639839+00:00
2025-11-26 00:53:06,642 - DEBUG - Running cleanup for expired locks at time: 2025-11-26 08:53:06.642880+00:00
2025-11-26 00:53:11,643 - DEBUG - Running cleanup for expired locks at time: 2025-11-26 08:53:11.643913+00:00
2025-11-26 00:53:11,648 - DEBUG - Running cleanup for expired locks at time: 2025-11-26 08:53:11.648000+00:00
2025-11-26 00:53:16,649 - DEBUG - Running cleanup for expired locks at time: 2025-11-26 08:53:16.649411+00:00
2025-11-26 00:53:16,650 - DEBUG - Running cleanup for expired locks at time: 2025-11-26 08:53:16.650358+00:00
2025-11-26 00:53:21,655 - DEBUG - Running cleanup for expired locks at time: 2025-11-26 08:53:21.655597+00:00
2025-11-26 00:53:21,655 - DEBUG - Running cleanup for expired locks at time: 2025-11-26 08:53:21.655822+00:00
2025-11-26 00:53:26,661 - DEBUG - Running cleanup for expired locks at time: 2025-11-26 08:53:26.660966+00:00
2025-11-26 00:53:26,661 - DEBUG - Running cleanup for expired locks at time: 2025-11-26 08:53:26.661396+00:00
2025-11-26 00:53:31,662 - DEBUG - Running cleanup for expired locks at time: 2025-11-26 08:53:31.662185+00:00
2025-11-26 00:53:31,666 - DEBUG - Running cleanup for expired locks at time: 2025-11-26 08:53:31.666822+00:00
2025-11-26 00:53:36,666 - DEBUG - Running cleanup for expired locks at time: 2025-11-26 08:53:36.666102+00:00
2025-11-26 00:53:36,669 - DEBUG - Running cleanup for expired locks at time: 2025-11-26 08:53:36.669326+00:00
2025-11-26 00:53:41,671 - DEBUG - Running cleanup for expired locks at time: 2025-11-26 08:53:41.671685+00:00
2025-11-26 00:53:41,674 - DEBUG - Running cleanup for expired locks at time: 2025-11-26 08:53:41.674592+00:00
2025-11-26 00:53:46,677 - DEBUG - Running cleanup for expired locks at time: 2025-11-26 08:53:46.677286+00:00
2025-11-26 00:53:46,679 - DEBUG - Running cleanup for expired locks at time: 2025-11-26 08:53:46.679925+00:00
2025-11-26 00:53:51,682 - DEBUG - Running cleanup for expired locks at time: 2025-11-26 08:53:51.682894+00:00
2025-11-26 00:53:51,683 - DEBUG - Running cleanup for expired locks at time: 2025-11-26 08:53:51.683298+00:00
2025-11-26 00:53:56,688 - DEBUG - Running cleanup for expired locks at time: 2025-11-26 08:53:56.688518+00:00
2025-11-26 00:53:56,689 - DEBUG - Running cleanup for expired locks at time: 2025-11-26 08:53:56.689012+00:00
2025-11-26 00:54:01,691 - DEBUG - Running cleanup for expired locks at time: 2025-11-26 08:54:01.691216+00:00
2025-11-26 00:54:01,694 - DEBUG - Running cleanup for expired locks at time: 2025-11-26 08:54:01.694247+00:00
2025-11-26 00:54:06,696 - DEBUG - Running cleanup for expired locks at time: 2025-11-26 08:54:06.696587+00:00
2025-11-26 00:54:06,697 - DEBUG - Running cleanup for expired locks at time: 2025-11-26 08:54:06.697953+00:00
2025-11-26 00:54:11,699 - DEBUG - Running cleanup for expired locks at time: 2025-11-26 08:54:11.699128+00:00
2025-11-26 00:54:11,702 - DEBUG - Running cleanup for expired locks at time: 2025-11-26 08:54:11.702862+00:00
2025-11-26 00:54:16,105 - DEBUG - Stopping Expired Lock Cleaner thread.
2025-11-26 00:54:16,704 - DEBUG - Running cleanup for expired locks at time: 2025-11-26 08:54:16.704433+00:00
2025-11-26 00:54:19,910 - DEBUG - Starting Expired Lock Cleaner thread.
2025-11-26 00:54:24,917 - DEBUG - Running cleanup for expired locks at time: 2025-11-26 08:54:24.915364+00:00
2025-11-26 00:54:29,923 - DEBUG - Running cleanup for expired locks at time: 2025-11-26 08:54:29.923110+00:00
2025-11-26 00:54:34,925 - DEBUG - Running cleanup for expired locks at time: 2025-11-26 08:54:34.925187+00:00
2025-11-26 00:54:39,930 - DEBUG - Running cleanup for expired locks at time: 2025-11-26 08:54:39.930671+00:00
2025-11-26 00:54:44,935 - DEBUG - Running cleanup for expired locks at time: 2025-11-26 08:54:44.935107+00:00
2025-11-26 00:54:49,940 - DEBUG - Running cleanup for expired locks at time: 2025-11-26 08:54:49.940468+00:00
2025-11-26 00:54:54,944 - DEBUG - Running cleanup for expired locks at time: 2025-11-26 08:54:54.944689+00:00
2025-11-26 00:54:59,950 - DEBUG - Running cleanup for expired locks at time: 2025-11-26 08:54:59.949965+00:00
2025-11-26 00:55:04,955 - DEBUG - Running cleanup for expired locks at time: 2025-11-26 08:55:04.955326+00:00
2025-11-26 00:55:09,959 - DEBUG - Running cleanup for expired locks at time: 2025-11-26 08:55:09.959559+00:00
2025-11-26 00:55:14,965 - DEBUG - Running cleanup for expired locks at time: 2025-11-26 08:55:14.965067+00:00
2025-11-26 00:55:19,969 - DEBUG - Running cleanup for expired locks at time: 2025-11-26 08:55:19.969456+00:00
2025-11-26 00:55:24,975 - DEBUG - Running cleanup for expired locks at time: 2025-11-26 08:55:24.975073+00:00
2025-11-26 00:55:29,980 - DEBUG - Running cleanup for expired locks at time: 2025-11-26 08:55:29.980548+00:00
2025-11-26 00:55:34,986 - DEBUG - Running cleanup for expired locks at time: 2025-11-26 08:55:34.986051+00:00
2025-11-26 00:55:39,991 - DEBUG - Running cleanup for expired locks at time: 2025-11-26 08:55:39.991492+00:00
2025-11-26 00:55:44,996 - DEBUG - Running cleanup for expired locks at time: 2025-11-26 08:55:44.996425+00:00
2025-11-26 00:55:50,002 - DEBUG - Running cleanup for expired locks at time: 2025-11-26 08:55:50.002023+00:00
2025-11-26 00:55:55,007 - DEBUG - Running cleanup for expired locks at time: 2025-11-26 08:55:55.007424+00:00
2025-11-26 00:56:00,012 - DEBUG - Running cleanup for expired locks at time: 2025-11-26 08:56:00.012327+00:00
2025-11-26 00:56:05,017 - DEBUG - Running cleanup for expired locks at time: 2025-11-26 08:56:05.017673+00:00
2025-11-26 00:56:10,023 - DEBUG - Running cleanup for expired locks at time: 2025-11-26 08:56:10.023122+00:00
2025-11-26 00:56:15,025 - DEBUG - Running cleanup for expired locks at time: 2025-11-26 08:56:15.025555+00:00
2025-11-26 00:56:20,031 - DEBUG - Running cleanup for expired locks at time: 2025-11-26 08:56:20.031161+00:00
2025-11-26 00:56:25,035 - DEBUG - Running cleanup for expired locks at time: 2025-11-26 08:56:25.035250+00:00
2025-11-26 00:56:30,040 - DEBUG - Running cleanup for expired locks at time: 2025-11-26 08:56:30.040864+00:00
2025-11-26 00:56:35,046 - DEBUG - Running cleanup for expired locks at time: 2025-11-26 08:56:35.046468+00:00
2025-11-26 00:56:40,052 - DEBUG - Running cleanup for expired locks at time: 2025-11-26 08:56:40.051921+00:00
2025-11-26 00:56:45,055 - DEBUG - Running cleanup for expired locks at time: 2025-11-26 08:56:45.055593+00:00
2025-11-26 00:56:50,056 - DEBUG - Running cleanup for expired locks at time: 2025-11-26 08:56:50.056376+00:00
2025-11-26 00:56:55,059 - DEBUG - Running cleanup for expired locks at time: 2025-11-26 08:56:55.059704+00:00
2025-11-26 00:57:00,066 - DEBUG - Running cleanup for expired locks at time: 2025-11-26 08:57:00.066221+00:00
2025-11-26 00:57:05,072 - DEBUG - Running cleanup for expired locks at time: 2025-11-26 08:57:05.072318+00:00
2025-11-26 00:57:10,078 - DEBUG - Running cleanup for expired locks at time: 2025-11-26 08:57:10.078180+00:00
2025-11-26 00:57:15,079 - DEBUG - Running cleanup for expired locks at time: 2025-11-26 08:57:15.079211+00:00
2025-11-26 00:57:20,084 - DEBUG - Running cleanup for expired locks at time: 2025-11-26 08:57:20.084753+00:00
2025-11-26 00:57:25,090 - DEBUG - Running cleanup for expired locks at time: 2025-11-26 08:57:25.090541+00:00
2025-11-26 00:57:30,095 - DEBUG - Running cleanup for expired locks at time: 2025-11-26 08:57:30.095832+00:00
2025-11-26 00:57:35,101 - DEBUG - Running cleanup for expired locks at time: 2025-11-26 08:57:35.101261+00:00
2025-11-26 00:57:40,106 - DEBUG - Running cleanup for expired locks at time: 2025-11-26 08:57:40.106744+00:00
2025-11-26 00:57:45,111 - DEBUG - Running cleanup for expired locks at time: 2025-11-26 08:57:45.111368+00:00
2025-11-26 00:57:50,112 - DEBUG - Running cleanup for expired locks at time: 2025-11-26 08:57:50.112248+00:00
2025-11-26 00:57:55,113 - DEBUG - Running cleanup for expired locks at time: 2025-11-26 08:57:55.113859+00:00
2025-11-26 00:58:00,119 - DEBUG - Running cleanup for expired locks at time: 2025-11-26 08:58:00.119074+00:00
2025-11-26 00:58:05,122 - DEBUG - Running cleanup for expired locks at time: 2025-11-26 08:58:05.122587+00:00
2025-11-26 00:58:10,128 - DEBUG - Running cleanup for expired locks at time: 2025-11-26 08:58:10.128250+00:00
2025-11-26 00:58:15,133 - DEBUG - Running cleanup for expired locks at time: 2025-11-26 08:58:15.133895+00:00
2025-11-26 00:58:20,139 - DEBUG - Running cleanup for expired locks at time: 2025-11-26 08:58:20.139533+00:00
2025-11-26 00:58:25,142 - DEBUG - Running cleanup for expired locks at time: 2025-11-26 08:58:25.142902+00:00
2025-11-26 00:58:27,640 - DEBUG - Starting Expired Lock Cleaner thread.
2025-11-26 00:58:32,647 - DEBUG - Running cleanup for expired locks at time: 2025-11-26 08:58:32.645600+00:00
2025-11-26 00:58:37,652 - DEBUG - Running cleanup for expired locks at time: 2025-11-26 08:58:37.652368+00:00
2025-11-26 00:58:42,654 - DEBUG - Running cleanup for expired locks at time: 2025-11-26 08:58:42.654270+00:00
2025-11-26 00:58:47,659 - DEBUG - Running cleanup for expired locks at time: 2025-11-26 08:58:47.659700+00:00
2025-11-26 00:58:52,665 - DEBUG - Running cleanup for expired locks at time: 2025-11-26 08:58:52.665080+00:00
2025-11-26 00:58:57,668 - DEBUG - Running cleanup for expired locks at time: 2025-11-26 08:58:57.668785+00:00
2025-11-26 00:59:02,674 - DEBUG - Running cleanup for expired locks at time: 2025-11-26 08:59:02.673955+00:00
2025-11-26 00:59:07,679 - DEBUG - Running cleanup for expired locks at time: 2025-11-26 08:59:07.679220+00:00
2025-11-26 00:59:12,684 - DEBUG - Running cleanup for expired locks at time: 2025-11-26 08:59:12.684516+00:00
2025-11-26 00:59:17,689 - DEBUG - Running cleanup for expired locks at time: 2025-11-26 08:59:17.689817+00:00
2025-11-26 00:59:22,695 - DEBUG - Running cleanup for expired locks at time: 2025-11-26 08:59:22.695054+00:00
2025-11-26 00:59:27,699 - DEBUG - Running cleanup for expired locks at time: 2025-11-26 08:59:27.699072+00:00
2025-11-26 00:59:32,704 - DEBUG - Running cleanup for expired locks at time: 2025-11-26 08:59:32.704316+00:00
2025-11-26 00:59:37,705 - DEBUG - Running cleanup for expired locks at time: 2025-11-26 08:59:37.705543+00:00
2025-11-26 00:59:42,707 - DEBUG - Running cleanup for expired locks at time: 2025-11-26 08:59:42.707569+00:00
2025-11-26 00:59:47,713 - DEBUG - Running cleanup for expired locks at time: 2025-11-26 08:59:47.713098+00:00
2025-11-26 00:59:52,718 - DEBUG - Running cleanup for expired locks at time: 2025-11-26 08:59:52.718065+00:00
2025-11-26 00:59:57,723 - DEBUG - Running cleanup for expired locks at time: 2025-11-26 08:59:57.723609+00:00
2025-11-26 01:00:02,728 - DEBUG - Running cleanup for expired locks at time: 2025-11-26 09:00:02.728909+00:00
2025-11-26 01:00:07,731 - DEBUG - Running cleanup for expired locks at time: 2025-11-26 09:00:07.731143+00:00
2025-11-26 01:00:12,732 - DEBUG - Running cleanup for expired locks at time: 2025-11-26 09:00:12.732673+00:00
2025-11-26 01:00:17,735 - DEBUG - Running cleanup for expired locks at time: 2025-11-26 09:00:17.735269+00:00
2025-11-26 01:00:22,740 - DEBUG - Running cleanup for expired locks at time: 2025-11-26 09:00:22.740634+00:00
2025-11-26 01:00:27,741 - DEBUG - Running cleanup for expired locks at time: 2025-11-26 09:00:27.741611+00:00
2025-11-26 01:00:32,747 - DEBUG - Running cleanup for expired locks at time: 2025-11-26 09:00:32.746951+00:00
2025-11-26 01:00:37,748 - DEBUG - Running cleanup for expired locks at time: 2025-11-26 09:00:37.748093+00:00
2025-11-26 01:00:42,751 - DEBUG - Running cleanup for expired locks at time: 2025-11-26 09:00:42.751732+00:00
2025-11-26 01:00:47,757 - DEBUG - Running cleanup for expired locks at time: 2025-11-26 09:00:47.756937+00:00
2025-11-26 01:00:52,760 - DEBUG - Running cleanup for expired locks at time: 2025-11-26 09:00:52.760727+00:00
2025-11-26 01:00:57,766 - DEBUG - Running cleanup for expired locks at time: 2025-11-26 09:00:57.765975+00:00
2025-11-26 01:01:02,771 - DEBUG - Running cleanup for expired locks at time: 2025-11-26 09:01:02.771534+00:00
2025-11-26 01:01:07,777 - DEBUG - Running cleanup for expired locks at time: 2025-11-26 09:01:07.777297+00:00
2025-11-26 01:01:12,782 - DEBUG - Running cleanup for expired locks at time: 2025-11-26 09:01:12.782840+00:00
2025-11-26 01:01:17,788 - DEBUG - Running cleanup for expired locks at time: 2025-11-26 09:01:17.788071+00:00
2025-11-26 01:01:22,790 - DEBUG - Running cleanup for expired locks at time: 2025-11-26 09:01:22.790288+00:00
2025-11-26 01:01:27,791 - DEBUG - Running cleanup for expired locks at time: 2025-11-26 09:01:27.791282+00:00
2025-11-26 01:01:32,792 - DEBUG - Running cleanup for expired locks at time: 2025-11-26 09:01:32.792308+00:00
2025-11-26 01:01:37,799 - DEBUG - Running cleanup for expired locks at time: 2025-11-26 09:01:37.798035+00:00
2025-11-26 01:01:42,802 - DEBUG - Running cleanup for expired locks at time: 2025-11-26 09:01:42.802516+00:00
2025-11-26 01:01:47,807 - DEBUG - Running cleanup for expired locks at time: 2025-11-26 09:01:47.807704+00:00
2025-11-26 01:01:52,812 - DEBUG - Running cleanup for expired locks at time: 2025-11-26 09:01:52.812865+00:00
2025-11-26 01:01:57,818 - DEBUG - Running cleanup for expired locks at time: 2025-11-26 09:01:57.818078+00:00
2025-11-26 01:02:29,970 - DEBUG - Starting Expired Lock Cleaner thread.
2025-11-26 01:02:34,978 - DEBUG - Running cleanup for expired locks at time: 2025-11-26 09:02:34.975937+00:00
2025-11-26 01:02:39,980 - DEBUG - Running cleanup for expired locks at time: 2025-11-26 09:02:39.980273+00:00
2025-11-26 01:02:44,982 - DEBUG - Running cleanup for expired locks at time: 2025-11-26 09:02:44.982406+00:00
2025-11-26 01:02:49,987 - DEBUG - Running cleanup for expired locks at time: 2025-11-26 09:02:49.987697+00:00
2025-11-26 01:02:54,993 - DEBUG - Running cleanup for expired locks at time: 2025-11-26 09:02:54.993019+00:00
2025-11-26 01:02:59,994 - DEBUG - Running cleanup for expired locks at time: 2025-11-26 09:02:59.994546+00:00
2025-11-26 01:03:04,996 - DEBUG - Running cleanup for expired locks at time: 2025-11-26 09:03:04.996596+00:00
2025-11-26 01:03:09,997 - DEBUG - Running cleanup for expired locks at time: 2025-11-26 09:03:09.997509+00:00
2025-11-26 01:03:15,003 - DEBUG - Running cleanup for expired locks at time: 2025-11-26 09:03:15.003223+00:00
2025-11-26 01:03:20,008 - DEBUG - Running cleanup for expired locks at time: 2025-11-26 09:03:20.008875+00:00
2025-11-26 01:03:25,014 - DEBUG - Running cleanup for expired locks at time: 2025-11-26 09:03:25.014333+00:00
2025-11-26 01:03:30,019 - DEBUG - Running cleanup for expired locks at time: 2025-11-26 09:03:30.019659+00:00
2025-11-26 01:03:35,024 - DEBUG - Running cleanup for expired locks at time: 2025-11-26 09:03:35.023991+00:00
2025-11-26 01:03:40,029 - DEBUG - Running cleanup for expired locks at time: 2025-11-26 09:03:40.029418+00:00
2025-11-26 01:03:45,032 - DEBUG - Running cleanup for expired locks at time: 2025-11-26 09:03:45.032292+00:00
2025-11-26 01:03:50,037 - DEBUG - Running cleanup for expired locks at time: 2025-11-26 09:03:50.037801+00:00
2025-11-26 01:03:55,042 - DEBUG - Running cleanup for expired locks at time: 2025-11-26 09:03:55.042203+00:00
2025-11-26 01:04:00,044 - DEBUG - Running cleanup for expired locks at time: 2025-11-26 09:04:00.044589+00:00
2025-11-26 01:04:05,050 - DEBUG - Running cleanup for expired locks at time: 2025-11-26 09:04:05.050038+00:00
2025-11-26 01:04:10,052 - DEBUG - Running cleanup for expired locks at time: 2025-11-26 09:04:10.052310+00:00
2025-11-26 01:04:15,057 - DEBUG - Running cleanup for expired locks at time: 2025-11-26 09:04:15.057548+00:00
2025-11-26 01:04:20,062 - DEBUG - Running cleanup for expired locks at time: 2025-11-26 09:04:20.062888+00:00
2025-11-26 23:47:36,395 - DEBUG - Using selector: KqueueSelector
2025-11-26 23:47:36,395 - DEBUG - Starting Expired Lock Cleaner thread.
2025-11-26 23:47:41,401 - DEBUG - Running cleanup for expired locks at time: 2025-11-27 07:47:41.401083+00:00
2025-11-26 23:47:41,401 - DEBUG - Cleaning up expired lock with key: resource_lock
2025-11-26 23:53:55,959 - DEBUG - Using selector: KqueueSelector
2025-11-26 23:53:55,960 - DEBUG - Starting Expired Lock Cleaner thread.
2025-11-26 23:54:00,965 - DEBUG - Running cleanup for expired locks at time: 2025-11-27 07:54:00.965382+00:00
2025-11-26 23:54:00,966 - DEBUG - Cleaning up expired lock with key: resource_lock
2025-11-26 23:54:05,967 - DEBUG - Running cleanup for expired locks at time: 2025-11-27 07:54:05.967546+00:00
2025-11-26 23:54:10,973 - DEBUG - Running cleanup for expired locks at time: 2025-11-27 07:54:10.973829+00:00
2025-11-26 23:54:10,974 - DEBUG - Cleaning up expired lock with key: resource_lock
2025-11-26 23:54:15,979 - DEBUG - Running cleanup for expired locks at time: 2025-11-27 07:54:15.979357+00:00
2025-11-26 23:54:20,985 - DEBUG - Running cleanup for expired locks at time: 2025-11-27 07:54:20.985154+00:00
2025-11-26 23:54:25,990 - DEBUG - Running cleanup for expired locks at time: 2025-11-27 07:54:25.990671+00:00
2025-11-26 23:54:30,995 - DEBUG - Running cleanup for expired locks at time: 2025-11-27 07:54:30.995686+00:00
2025-11-26 23:54:36,001 - DEBUG - Running cleanup for expired locks at time: 2025-11-27 07:54:36.001347+00:00
2025-11-26 23:54:41,002 - DEBUG - Running cleanup for expired locks at time: 2025-11-27 07:54:41.002438+00:00
2025-11-26 23:54:46,008 - DEBUG - Running cleanup for expired locks at time: 2025-11-27 07:54:46.008009+00:00
2025-11-26 23:54:51,011 - DEBUG - Running cleanup for expired locks at time: 2025-11-27 07:54:51.011328+00:00
2025-11-26 23:54:56,017 - DEBUG - Running cleanup for expired locks at time: 2025-11-27 07:54:56.016956+00:00
2025-11-26 23:55:01,018 - DEBUG - Running cleanup for expired locks at time: 2025-11-27 07:55:01.018050+00:00
2025-11-26 23:55:06,019 - DEBUG - Running cleanup for expired locks at time: 2025-11-27 07:55:06.019193+00:00
2025-11-26 23:55:11,024 - DEBUG - Running cleanup for expired locks at time: 2025-11-27 07:55:11.024874+00:00
2025-11-26 23:55:16,030 - DEBUG - Running cleanup for expired locks at time: 2025-11-27 07:55:16.030531+00:00
2025-11-26 23:55:21,036 - DEBUG - Running cleanup for expired locks at time: 2025-11-27 07:55:21.035806+00:00
2025-11-26 23:55:26,040 - DEBUG - Running cleanup for expired locks at time: 2025-11-27 07:55:26.040327+00:00
2025-11-26 23:55:31,045 - DEBUG - Running cleanup for expired locks at time: 2025-11-27 07:55:31.045805+00:00
2025-11-26 23:55:36,050 - DEBUG - Running cleanup for expired locks at time: 2025-11-27 07:55:36.050481+00:00
2025-11-26 23:55:41,055 - DEBUG - Running cleanup for expired locks at time: 2025-11-27 07:55:41.055904+00:00
2025-11-26 23:55:47,319 - DEBUG - Using selector: KqueueSelector
2025-11-26 23:55:47,319 - DEBUG - Starting Expired Lock Cleaner thread.
2025-11-26 23:55:52,326 - DEBUG - Running cleanup for expired locks at time: 2025-11-27 07:55:52.325379+00:00
2025-11-26 23:55:52,328 - DEBUG - Cleaning up expired lock with key: resource_lock
2025-11-26 23:55:57,334 - DEBUG - Running cleanup for expired locks at time: 2025-11-27 07:55:57.334540+00:00
2025-11-26 23:56:02,338 - DEBUG - Running cleanup for expired locks at time: 2025-11-27 07:56:02.338672+00:00
2025-11-26 23:56:02,339 - DEBUG - Cleaning up expired lock with key: resource_lock
2025-11-26 23:56:07,344 - DEBUG - Running cleanup for expired locks at time: 2025-11-27 07:56:07.344493+00:00
2025-11-26 23:56:12,350 - DEBUG - Running cleanup for expired locks at time: 2025-11-27 07:56:12.350169+00:00
2025-11-26 23:56:17,354 - DEBUG - Running cleanup for expired locks at time: 2025-11-27 07:56:17.354839+00:00
2025-11-26 23:56:22,362 - DEBUG - Running cleanup for expired locks at time: 2025-11-27 07:56:22.361493+00:00
2025-11-26 23:56:30,338 - DEBUG - Using selector: KqueueSelector
2025-11-26 23:56:30,339 - DEBUG - Starting Expired Lock Cleaner thread.
2025-11-26 23:56:35,344 - DEBUG - Running cleanup for expired locks at time: 2025-11-27 07:56:35.344403+00:00
2025-11-26 23:56:35,344 - DEBUG - Cleaning up expired lock with key: resource_lock
2025-11-26 23:56:40,346 - DEBUG - Running cleanup for expired locks at time: 2025-11-27 07:56:40.345615+00:00
2025-11-26 23:56:45,352 - DEBUG - Running cleanup for expired locks at time: 2025-11-27 07:56:45.352026+00:00
2025-11-26 23:56:45,352 - DEBUG - Cleaning up expired lock with key: resource_lock
2025-11-27 00:00:16,566 - DEBUG - Using selector: KqueueSelector
2025-11-27 00:00:16,571 - DEBUG - Starting Expired Lock Cleaner thread.
2025-11-27 00:00:25,094 - DEBUG - Running cleanup for expired locks at time: 2025-11-27 08:00:25.094367+00:00
2025-11-27 00:00:46,739 - DEBUG - Cleaning up expired lock with key: resource_lock
2025-11-27 00:00:51,744 - DEBUG - Running cleanup for expired locks at time: 2025-11-27 08:00:51.744442+00:00
2025-11-27 00:01:19,591 - DEBUG - Using selector: KqueueSelector
2025-11-27 00:01:19,592 - DEBUG - Starting Expired Lock Cleaner thread.
2025-11-27 00:01:28,460 - DEBUG - Running cleanup for expired locks at time: 2025-11-27 08:01:28.460656+00:00
2025-11-27 00:01:33,647 - DEBUG - Cleaning up expired lock with key: resource_lock
2025-11-27 00:01:38,649 - DEBUG - Running cleanup for expired locks at time: 2025-11-27 08:01:38.649375+00:00
2025-11-27 00:01:43,906 - DEBUG - Running cleanup for expired locks at time: 2025-11-27 08:01:43.906248+00:00
2025-11-27 00:01:54,532 - DEBUG - Cleaning up expired lock with key: resource_lock
2025-11-27 00:01:59,539 - DEBUG - Running cleanup for expired locks at time: 2025-11-27 08:01:59.538441+00:00
2025-11-27 00:02:04,542 - DEBUG - Running cleanup for expired locks at time: 2025-11-27 08:02:04.542068+00:00
2025-11-27 00:02:09,548 - DEBUG - Running cleanup for expired locks at time: 2025-11-27 08:02:09.548072+00:00
2025-11-27 00:02:14,553 - DEBUG - Running cleanup for expired locks at time: 2025-11-27 08:02:14.553605+00:00
2025-11-27 00:02:19,559 - DEBUG - Running cleanup for expired locks at time: 2025-11-27 08:02:19.559609+00:00
2025-11-27 00:02:24,565 - DEBUG - Running cleanup for expired locks at time: 2025-11-27 08:02:24.565145+00:00
2025-11-27 00:02:29,567 - DEBUG - Running cleanup for expired locks at time: 2025-11-27 08:02:29.567202+00:00
2025-11-27 00:02:34,573 - DEBUG - Running cleanup for expired locks at time: 2025-11-27 08:02:34.573025+00:00
2025-11-27 00:02:39,579 - DEBUG - Running cleanup for expired locks at time: 2025-11-27 08:02:39.579576+00:00
