2025-12-29 23:09:53,271 - INFO - DB exists: (1,)
2025-12-29 23:09:53,271 - INFO - Database ticketdb already exists.
2025-12-29 23:09:53,281 - INFO - Tickets table already exists. Recreating it. Existing data will be deleted
2025-12-29 23:09:53,281 - ERROR - Error initializing ticketing service DB: cursor already closed
2025-12-29 23:10:57,241 - INFO - DB exists: (1,)
2025-12-29 23:10:59,233 - INFO - Database ticketdb already exists.
2025-12-29 23:11:03,966 - INFO - Tickets table already exists. Recreating it. Existing data will be deleted
2025-12-29 23:11:17,222 - INFO - DB exists: (1,)
2025-12-29 23:11:17,222 - INFO - Database ticketdb already exists.
2025-12-29 23:11:17,233 - INFO - Tickets table already exists. Recreating it. Existing data will be deleted
2025-12-29 23:11:17,240 - INFO - Ticket state enum type created successfully.
2025-12-29 23:11:17,240 - ERROR - Error initializing ticketing service DB: syntax error at or near ")"
LINE 6:         );
                ^

2025-12-29 23:11:52,737 - INFO - DB exists: (1,)
2025-12-29 23:11:54,854 - INFO - Database ticketdb already exists.
2025-12-29 23:11:58,420 - INFO - Tickets table already exists. Recreating it. Existing data will be deleted
2025-12-29 23:12:02,611 - INFO - Ticket state enum type created successfully.
2025-12-29 23:12:57,724 - INFO - DB exists: (1,)
2025-12-29 23:12:57,725 - INFO - Database ticketdb already exists.
2025-12-29 23:13:02,319 - INFO - Tickets table already exists. Recreating it. Existing data will be deleted
2025-12-29 23:13:08,858 - INFO - Ticket state enum type created successfully.
2025-12-29 23:13:34,237 - INFO - DB exists: (1,)
2025-12-29 23:13:34,237 - INFO - Database ticketdb already exists.
2025-12-29 23:13:34,247 - INFO - Tickets table already exists. Recreating it. Existing data will be deleted
2025-12-29 23:13:34,252 - INFO - Ticket state enum type created successfully.
2025-12-29 23:13:34,264 - INFO - Tickets table created successfully.
2025-12-29 23:13:34,267 - INFO - Initial tickets inserted successfully.
2025-12-29 23:14:43,671 - INFO - Updating PostGresSQL Endpoint to localhost, Distributed Lock Endpoint to http://localhost:6000 and Ephemeral Lock Endpoint to http://localhost:6001
2025-12-29 23:14:43,708 - DEBUG - PostgreSQL database version: ('PostgreSQL 18.1 (Debian 18.1-1.pgdg13+2) on aarch64-unknown-linux-gnu, compiled by gcc (Debian 14.2.0-19) 14.2.0, 64-bit',)
2025-12-29 23:14:43,709 - DEBUG - Fetched tickets with IDs: {1: (None, 'available'), 2: (None, 'available'), 3: (None, 'available'), 4: (None, 'available'), 5: (None, 'available'), 6: (None, 'available'), 7: (None, 'available'), 8: (None, 'available'), 9: (None, 'available'), 10: (None, 'available')}
